2024-12-25 15:43:32 Starting ManagerApplication using Java 17.0.12 with PID 4997 (/Users/fangzhan/PandaYouxuan/pandaYouxuan-parent/pandaYouxuan-manager/target/classes started by fangzhan in /Users/fangzhan/PandaYouxuan)
2024-12-25 15:43:32 The following 1 profile is active: "dev"
2024-12-25 15:43:32 Multiple Spring Data modules found, entering strict repository configuration mode
2024-12-25 15:43:32 Bootstrapping Spring Data Redis repositories in DEFAULT mode.
2024-12-25 15:43:32 Finished Spring Data repository scanning in 3 ms. Found 0 Redis repository interfaces.
2024-12-25 15:43:33 Tomcat initialized with port(s): 9160 (http)
2024-12-25 15:43:33 Initializing ProtocolHandler ["http-nio-9160"]
2024-12-25 15:43:33 Starting service [Tomcat]
2024-12-25 15:43:33 Starting Servlet engine: [Apache Tomcat/10.1.7]
2024-12-25 15:43:33 Initializing Spring embedded WebApplicationContext
2024-12-25 15:43:33 Root WebApplicationContext: initialization completed in 1095 ms
2024-12-25 15:43:34 Starting ProtocolHandler ["http-nio-9160"]
2024-12-25 15:43:34 Tomcat started on port(s): 9160 (http) with context path ''
2024-12-25 15:43:34 Started ManagerApplication in 2.763 seconds (process running for 3.379)
2024-12-25 15:52:49 Starting ManagerApplication using Java 17.0.12 with PID 5917 (/Users/fangzhan/PandaYouxuan/pandaYouxuan-parent/pandaYouxuan-manager/target/classes started by fangzhan in /Users/fangzhan/PandaYouxuan)
2024-12-25 15:52:49 The following 1 profile is active: "dev"
2024-12-25 15:52:49 Multiple Spring Data modules found, entering strict repository configuration mode
2024-12-25 15:52:49 Bootstrapping Spring Data Redis repositories in DEFAULT mode.
2024-12-25 15:52:49 Finished Spring Data repository scanning in 3 ms. Found 0 Redis repository interfaces.
2024-12-25 15:52:50 Tomcat initialized with port(s): 9160 (http)
2024-12-25 15:52:50 Initializing ProtocolHandler ["http-nio-9160"]
2024-12-25 15:52:50 Starting service [Tomcat]
2024-12-25 15:52:50 Starting Servlet engine: [Apache Tomcat/10.1.7]
2024-12-25 15:52:50 Initializing Spring embedded WebApplicationContext
2024-12-25 15:52:50 Root WebApplicationContext: initialization completed in 848 ms
2024-12-25 15:52:51 Starting ProtocolHandler ["http-nio-9160"]
2024-12-25 15:52:51 Tomcat started on port(s): 9160 (http) with context path ''
2024-12-25 15:52:51 Started ManagerApplication in 2.142 seconds (process running for 2.466)
2024-12-25 15:54:50 Initializing Spring DispatcherServlet 'dispatcherServlet'
2024-12-25 15:54:50 Initializing Servlet 'dispatcherServlet'
2024-12-25 15:54:50 Completed initialization in 4 ms
2024-12-25 15:54:53 HikariPool-1 - Starting...
2024-12-25 15:54:54 HikariPool-1 - Added connection com.mysql.cj.jdbc.ConnectionImpl@1f7d71eb
2024-12-25 15:54:54 HikariPool-1 - Start completed.
2024-12-25 16:01:48 Init duration for springdoc-openapi is: 135 ms
2024-12-25 16:35:46 HikariPool-1 - Shutdown initiated...
2024-12-25 16:35:46 HikariPool-1 - Shutdown completed.
2024-12-25 16:35:48 Starting ManagerApplication using Java 17.0.12 with PID 9841 (/Users/fangzhan/PandaYouxuan/pandaYouxuan-parent/pandaYouxuan-manager/target/classes started by fangzhan in /Users/fangzhan/PandaYouxuan)
2024-12-25 16:35:48 The following 1 profile is active: "dev"
2024-12-25 16:35:48 Multiple Spring Data modules found, entering strict repository configuration mode
2024-12-25 16:35:48 Bootstrapping Spring Data Redis repositories in DEFAULT mode.
2024-12-25 16:35:48 Finished Spring Data repository scanning in 2 ms. Found 0 Redis repository interfaces.
2024-12-25 16:35:49 Tomcat initialized with port(s): 9160 (http)
2024-12-25 16:35:49 Initializing ProtocolHandler ["http-nio-9160"]
2024-12-25 16:35:49 Starting service [Tomcat]
2024-12-25 16:35:49 Starting Servlet engine: [Apache Tomcat/10.1.7]
2024-12-25 16:35:49 Initializing Spring embedded WebApplicationContext
2024-12-25 16:35:49 Root WebApplicationContext: initialization completed in 553 ms
2024-12-25 16:35:49 Starting ProtocolHandler ["http-nio-9160"]
2024-12-25 16:35:49 Tomcat started on port(s): 9160 (http) with context path ''
2024-12-25 16:35:49 Started ManagerApplication in 1.361 seconds (process running for 1.584)
2024-12-25 16:36:02 Initializing Spring DispatcherServlet 'dispatcherServlet'
2024-12-25 16:36:02 Initializing Servlet 'dispatcherServlet'
2024-12-25 16:36:02 Completed initialization in 1 ms
2024-12-25 16:36:02 HikariPool-1 - Starting...
2024-12-25 16:36:02 HikariPool-1 - Added connection com.mysql.cj.jdbc.ConnectionImpl@7c5cb486
2024-12-25 16:36:02 HikariPool-1 - Start completed.
2024-12-25 16:38:57 HikariPool-1 - Shutdown initiated...
2024-12-25 16:38:57 HikariPool-1 - Shutdown completed.
2024-12-25 16:39:21 Starting ManagerApplication using Java 17.0.12 with PID 10345 (/Users/fangzhan/PandaYouxuan/pandaYouxuan-parent/pandaYouxuan-manager/target/classes started by fangzhan in /Users/fangzhan/PandaYouxuan)
2024-12-25 16:39:21 The following 1 profile is active: "dev"
2024-12-25 16:39:21 Multiple Spring Data modules found, entering strict repository configuration mode
2024-12-25 16:39:21 Bootstrapping Spring Data Redis repositories in DEFAULT mode.
2024-12-25 16:39:21 Finished Spring Data repository scanning in 2 ms. Found 0 Redis repository interfaces.
2024-12-25 16:39:21 Tomcat initialized with port(s): 9160 (http)
2024-12-25 16:39:21 Initializing ProtocolHandler ["http-nio-9160"]
2024-12-25 16:39:21 Starting service [Tomcat]
2024-12-25 16:39:21 Starting Servlet engine: [Apache Tomcat/10.1.7]
2024-12-25 16:39:21 Initializing Spring embedded WebApplicationContext
2024-12-25 16:39:21 Root WebApplicationContext: initialization completed in 533 ms
2024-12-25 16:39:22 Starting ProtocolHandler ["http-nio-9160"]
2024-12-25 16:39:22 Tomcat started on port(s): 9160 (http) with context path ''
2024-12-25 16:39:22 Started ManagerApplication in 1.408 seconds (process running for 1.649)
2024-12-25 16:39:32 Initializing Spring DispatcherServlet 'dispatcherServlet'
2024-12-25 16:39:32 Initializing Servlet 'dispatcherServlet'
2024-12-25 16:39:32 Completed initialization in 3 ms
2024-12-25 16:39:32 HikariPool-1 - Starting...
2024-12-25 16:39:32 HikariPool-1 - Added connection com.mysql.cj.jdbc.ConnectionImpl@488a6010
2024-12-25 16:39:32 HikariPool-1 - Start completed.
2024-12-25 16:41:12 HikariPool-1 - Shutdown initiated...
2024-12-25 16:41:12 HikariPool-1 - Shutdown completed.
